  buton.cpp
  checkBox.cpp
  graphics.cpp
D:\Minesweeper\graphics\graphics.cpp(58,30): warning C4244: 'argument': conversion from '_Ty2' to 'GLfloat', possible loss of data
          with
          [
              _Ty2=double
          ]
D:\Minesweeper\graphics\graphics.cpp(58,19): warning C4244: 'argument': conversion from '_Ty1' to 'GLfloat', possible loss of data
          with
          [
              _Ty1=double
          ]
D:\Minesweeper\graphics\graphics.cpp(59,43): warning C4244: 'argument': conversion from '_Ty2' to 'GLfloat', possible loss of data
          with
          [
              _Ty2=double
          ]
D:\Minesweeper\graphics\graphics.cpp(59,26): warning C4244: 'argument': conversion from '_Ty1' to 'GLfloat', possible loss of data
          with
          [
              _Ty1=double
          ]
D:\Minesweeper\graphics\graphics.cpp(60,51): warning C4244: 'argument': conversion from '_Ty2' to 'GLfloat', possible loss of data
          with
          [
              _Ty2=double
          ]
D:\Minesweeper\graphics\graphics.cpp(60,26): warning C4244: 'argument': conversion from '_Ty1' to 'GLfloat', possible loss of data
          with
          [
              _Ty1=double
          ]
D:\Minesweeper\graphics\graphics.cpp(61,38): warning C4244: 'argument': conversion from '_Ty2' to 'GLfloat', possible loss of data
          with
          [
              _Ty2=double
          ]
D:\Minesweeper\graphics\graphics.cpp(61,19): warning C4244: 'argument': conversion from '_Ty1' to 'GLfloat', possible loss of data
          with
          [
              _Ty1=double
          ]
D:\Minesweeper\graphics\graphics.cpp(98,23): warning C4018: '<': signed/unsigned mismatch
  image.cpp
  slider.cpp
  textBox.cpp
  interface.cpp
D:\Minesweeper\interface\interface.cpp(28,31): warning C4018: '<': signed/unsigned mismatch
D:\Minesweeper\interface\interface.cpp(177,93): warning C4244: 'argument': conversion from '_Ty1' to '_Ty', possible loss of data
          with
          [
              _Ty1=double
          ]
          and
          [
              _Ty=int
          ]
D:\Minesweeper\interface\interface.cpp(178,95): warning C4244: 'argument': conversion from '_Ty2' to '_Ty', possible loss of data
          with
          [
              _Ty2=double
          ]
          and
          [
              _Ty=int
          ]
C:\Program Files\Microsoft Visual Studio\2022\Professional\VC\Tools\MSVC\14.36.32532\include\utility(268,16): warning C4244: 'initializing': conversion from 'const _Ty1' to '_Ty1', possible loss of data
          with
          [
              _Ty1=double
          ]
          and
          [
              _Ty1=int
          ]
D:\Minesweeper\interface\interface.cpp(107,14): message : see reference to function template instantiation 'std::pair<int,int>::pair<double,double,0>(const std::pair<double,double> &) noexcept' being compiled
D:\Minesweeper\interface\interface.cpp(106,32): message : see the first reference to 'std::pair<int,int>::pair' in 'pInterface::drawPiece'
C:\Program Files\Microsoft Visual Studio\2022\Professional\VC\Tools\MSVC\14.36.32532\include\utility(268,38): warning C4244: 'initializing': conversion from 'const _Ty2' to '_Ty2', possible loss of data
          with
          [
              _Ty2=double
          ]
          and
          [
              _Ty2=int
          ]
C:\Program Files\Microsoft Visual Studio\2022\Professional\VC\Tools\MSVC\14.36.32532\include\utility(247,16): warning C4244: 'initializing': conversion from '_Ty1' to '_Ty1', possible loss of data
          with
          [
              _Ty1=double
          ]
          and
          [
              _Ty1=int
          ]
D:\Minesweeper\interface\interface.cpp(108,9): message : see reference to function template instantiation 'std::pair<int,int>::pair<_Ty1&,_Ty2,0>(_Other1,_Other2 &&) noexcept' being compiled
          with
          [
              _Ty1=double,
              _Ty2=double,
              _Other1=double &,
              _Other2=double
          ]
D:\Minesweeper\interface\interface.cpp(106,32): message : see the first reference to 'std::pair<int,int>::pair' in 'pInterface::drawPiece'
C:\Program Files\Microsoft Visual Studio\2022\Professional\VC\Tools\MSVC\14.36.32532\include\utility(247,54): warning C4244: 'initializing': conversion from '_Ty' to '_Ty2', possible loss of data
          with
          [
              _Ty=double
          ]
          and
          [
              _Ty2=int
          ]
C:\Program Files\Microsoft Visual Studio\2022\Professional\VC\Tools\MSVC\14.36.32532\include\utility(247,16): warning C4244: 'initializing': conversion from '_Ty' to '_Ty1', possible loss of data
          with
          [
              _Ty=double
          ]
          and
          [
              _Ty1=int
          ]
D:\Minesweeper\interface\interface.cpp(109,9): message : see reference to function template instantiation 'std::pair<int,int>::pair<_Ty1,_Ty2,0>(_Other1 &&,_Other2 &&) noexcept' being compiled
          with
          [
              _Ty1=double,
              _Ty2=double,
              _Other1=double,
              _Other2=double
          ]
D:\Minesweeper\interface\interface.cpp(106,32): message : see the first reference to 'std::pair<int,int>::pair' in 'pInterface::drawPiece'
C:\Program Files\Microsoft Visual Studio\2022\Professional\VC\Tools\MSVC\14.36.32532\include\utility(247,54): warning C4244: 'initializing': conversion from '_Ty1' to '_Ty2', possible loss of data
          with
          [
              _Ty1=double
          ]
          and
          [
              _Ty2=int
          ]
  main.cpp
D:\Minesweeper\main.cpp(49,20): warning C4477: 'printf' : format string '%d' requires an argument of type 'int', but variadic argument 2 has type '_Ty1'
          with
          [
              _Ty1=double
          ]
D:\Minesweeper\main.cpp(49,20): warning C4477: 'printf' : format string '%d' requires an argument of type 'int', but variadic argument 3 has type '_Ty2'
          with
          [
              _Ty2=double
          ]
  Generating code
  Previous IPDB and IOBJ mismatch, fall back to full compilation.
  All 424 functions were compiled because no usable IPDB/IOBJ from previous compilation was found.
  Finished generating code
  Minesweeper.vcxproj -> D:\Minesweeper\Release\Minesweeper.exe
